<?xml version="1.0" encoding="UTF-8"?>
<testsuite xmlns:xsi="http://www.w3.org/2001/XMLSchema-instance" xsi:noNamespaceSchemaLocation="https://maven.apache.org/surefire/maven-surefire-plugin/xsd/surefire-test-report.xsd" name="com.coe.runner.TestRunner" time="69.977" tests="32" errors="0" skipped="0" failures="2">
  <properties>
    <property name="java.runtime.name" value="Java(TM) SE Runtime Environment"/>
    <property name="sun.boot.library.path" value="C:\Program Files\Java\jdk1.8.0_131\jre\bin"/>
    <property name="java.vm.version" value="25.131-b11"/>
    <property name="java.vm.vendor" value="Oracle Corporation"/>
    <property name="maven.multiModuleProjectDirectory" value="D:\SandBox\demo"/>
    <property name="java.vendor.url" value="http://java.oracle.com/"/>
    <property name="path.separator" value=";"/>
    <property name="guice.disable.misplaced.annotation.check" value="true"/>
    <property name="java.vm.name" value="Java HotSpot(TM) Client VM"/>
    <property name="file.encoding.pkg" value="sun.io"/>
    <property name="user.script" value=""/>
    <property name="user.country" value="US"/>
    <property name="sun.java.launcher" value="SUN_STANDARD"/>
    <property name="sun.os.patch.level" value="Service Pack 1"/>
    <property name="java.vm.specification.name" value="Java Virtual Machine Specification"/>
    <property name="user.dir" value="D:\SandBox\demo"/>
    <property name="java.runtime.version" value="1.8.0_131-b11"/>
    <property name="java.awt.graphicsenv" value="sun.awt.Win32GraphicsEnvironment"/>
    <property name="java.endorsed.dirs" value="C:\Program Files\Java\jdk1.8.0_131\jre\lib\endorsed"/>
    <property name="os.arch" value="x86"/>
    <property name="java.io.tmpdir" value="C:\Users\489550\AppData\Local\Temp\"/>
    <property name="line.separator" value="&#10;"/>
    <property name="java.vm.specification.vendor" value="Oracle Corporation"/>
    <property name="user.variant" value=""/>
    <property name="os.name" value="Windows 7"/>
    <property name="classworlds.conf" value="D:\SW\Maven\apache-maven-3.5.0-bin\apache-maven-3.5.0\bin\..\bin\m2.conf"/>
    <property name="sun.jnu.encoding" value="Cp1252"/>
    <property name="java.library.path" value="C:\Program Files\Java\jdk1.8.0_131\bin;C:\windows\Sun\Java\bin;C:\windows\system32;C:\windows;C:\Python27\Lib\site-packages\PyQt4;C:\ProgramData\Oracle\Java\javapath;C:\Program Files\TRICENTIS\Tosca Testsuite;C:\Tosca_Projects;C:\Program Files\TRICENTIS\Tosca Testsuite\dll;C:\Program Files\TRICENTIS\Tosca Testsuite\dll\GuptaEngine;C:\Program Files\TRICENTIS\Tosca Testsuite\libs;C:\Program Files\TRICENTIS\Tosca Testsuite\dll\DelphiEngine;C:\Program Files\TRICENTIS\Tosca Testsuite\dll\PBEngine;C:\Program Files\TRICENTIS\Tosca Testsuite\dll\VBEngine;C:\Program Files\TRICENTIS\Tosca Testsuite\dll\DotNetHooking;C:\Program Files\TRICENTIS\Tosca Testsuite\Automation\Resources\Mobile\Tools;D:\app\489550\product\11.2.0\client_1\bin;C:\windows\system32;C:\windows;C:\windows\System32\Wbem;C:\windows\System32\WindowsPowerShell\v1.0\;C:\Program Files\Microsoft SQL Server\110\Tools\Binn\;C:\Python27\;C:\Python27\Scripts\;C:\Program Files\MongoDB\Server\3.2\bin\;D:\ES\elasticsearch-2.3.4;C:\Program Files\WebEx\Productivity Tools;D:\WebDrivers\geckodriver.exe;D:\WebDrivers\chromedriver.exe;D:\WebDrivers\IEDriverServer.exe;C:\Program Files\Jenkins\jenkins.exe;C:\Program Files\Git\cmd;C:\Program Files\Java\jdk1.8.0_131\bin;D:\SW\Maven\apache-maven-3.5.0-bin\apache-maven-3.5.0\bin;."/>
    <property name="maven.conf" value="D:\SW\Maven\apache-maven-3.5.0-bin\apache-maven-3.5.0\bin\../conf"/>
    <property name="java.specification.name" value="Java Platform API Specification"/>
    <property name="java.class.version" value="52.0"/>
    <property name="sun.management.compiler" value="HotSpot Client Compiler"/>
    <property name="os.version" value="6.1"/>
    <property name="library.jansi.path" value="D:\SW\Maven\apache-maven-3.5.0-bin\apache-maven-3.5.0\bin\..\lib\jansi-native\windows32"/>
    <property name="user.home" value="C:\Users\489550"/>
    <property name="user.timezone" value="Asia/Calcutta"/>
    <property name="java.awt.printerjob" value="sun.awt.windows.WPrinterJob"/>
    <property name="java.specification.version" value="1.8"/>
    <property name="file.encoding" value="Cp1252"/>
    <property name="user.name" value="489550"/>
    <property name="java.class.path" value="D:\SW\Maven\apache-maven-3.5.0-bin\apache-maven-3.5.0\bin\..\boot\plexus-classworlds-2.5.2.jar"/>
    <property name="java.vm.specification.version" value="1.8"/>
    <property name="sun.arch.data.model" value="32"/>
    <property name="java.home" value="C:\Program Files\Java\jdk1.8.0_131\jre"/>
    <property name="sun.java.command" value="org.codehaus.plexus.classworlds.launcher.Launcher verify"/>
    <property name="java.specification.vendor" value="Oracle Corporation"/>
    <property name="user.language" value="en"/>
    <property name="awt.toolkit" value="sun.awt.windows.WToolkit"/>
    <property name="java.vm.info" value="mixed mode"/>
    <property name="java.version" value="1.8.0_131"/>
    <property name="java.ext.dirs" value="C:\Program Files\Java\jdk1.8.0_131\jre\lib\ext;C:\windows\Sun\Java\lib\ext"/>
    <property name="sun.boot.class.path" value="C:\Program Files\Java\jdk1.8.0_131\jre\lib\resources.jar;C:\Program Files\Java\jdk1.8.0_131\jre\lib\rt.jar;C:\Program Files\Java\jdk1.8.0_131\jre\lib\sunrsasign.jar;C:\Program Files\Java\jdk1.8.0_131\jre\lib\jsse.jar;C:\Program Files\Java\jdk1.8.0_131\jre\lib\jce.jar;C:\Program Files\Java\jdk1.8.0_131\jre\lib\charsets.jar;C:\Program Files\Java\jdk1.8.0_131\jre\lib\jfr.jar;C:\Program Files\Java\jdk1.8.0_131\jre\classes"/>
    <property name="sun.stderr.encoding" value="cp437"/>
    <property name="java.vendor" value="Oracle Corporation"/>
    <property name="maven.home" value="D:\SW\Maven\apache-maven-3.5.0-bin\apache-maven-3.5.0\bin\.."/>
    <property name="file.separator" value="\"/>
    <property name="java.vendor.url.bug" value="http://bugreport.sun.com/bugreport/"/>
    <property name="sun.cpu.endian" value="little"/>
    <property name="sun.io.unicode.encoding" value="UnicodeLittle"/>
    <property name="sun.stdout.encoding" value="cp437"/>
    <property name="sun.desktop" value="windows"/>
    <property name="sun.cpu.isalist" value="pentium_pro+mmx pentium_pro pentium+mmx pentium i486 i386 i86"/>
  </properties>
  <testcase name="Given I have a calculator" classname="| 2 | 3 | 5 |" time="0"/>
  <testcase name="When I add &quot;2&quot; and &quot;3&quot;" classname="| 2 | 3 | 5 |" time="0"/>
  <testcase name="Then the result should be &quot;5&quot;" classname="| 2 | 3 | 5 |" time="0"/>
  <testcase name="| 2 | 3 | 5 |" classname="| 2 | 3 | 5 |" time="0"/>
  <testcase name="Given I have a calculator" classname="| 2 | 0 | 3 |" time="0"/>
  <testcase name="When I add &quot;2&quot; and &quot;0&quot;" classname="| 2 | 0 | 3 |" time="0"/>
  <testcase name="Then the result should be &quot;3&quot;" classname="| 2 | 0 | 3 |" time="0">
    <failure message="expected:&lt;3&gt; but was:&lt;2&gt;" type="java.lang.AssertionError"><![CDATA[java.lang.AssertionError: expected:<3> but was:<2>
]]></failure>
  </testcase>
  <testcase name="| 2 | 0 | 3 |" classname="| 2 | 0 | 3 |" time="0">
    <failure message="expected:&lt;3&gt; but was:&lt;2&gt;" type="java.lang.AssertionError"><![CDATA[java.lang.AssertionError: expected:<3> but was:<2>
]]></failure>
  </testcase>
  <testcase name="Given User navigates to website" classname="| 12300000 | 561922.33 |" time="0"/>
  <testcase name="When User provides loan amount as &quot;12300000&quot;" classname="| 12300000 | 561922.33 |" time="0"/>
  <testcase name="And Loan rate and term as rate and term respectively" classname="| 12300000 | 561922.33 |" time="0"/>
  <testcase name="And User clicks on Calculate button" classname="| 12300000 | 561922.33 |" time="0"/>
  <testcase name="Then System shows expected emi as &quot;561922.33&quot;" classname="| 12300000 | 561922.33 |" time="0"/>
  <testcase name="| 12300000 | 561922.33 |" classname="| 12300000 | 561922.33 |" time="0.514"/>
  <testcase name="Given User navigates to website" classname="| 40000 | 1827.39 |" time="0"/>
  <testcase name="When User provides loan amount as &quot;40000&quot;" classname="| 40000 | 1827.39 |" time="0"/>
  <testcase name="And Loan rate and term as rate and term respectively" classname="| 40000 | 1827.39 |" time="0"/>
  <testcase name="And User clicks on Calculate button" classname="| 40000 | 1827.39 |" time="0"/>
  <testcase name="Then System shows expected emi as &quot;1827.39&quot;" classname="| 40000 | 1827.39 |" time="0"/>
  <testcase name="| 40000 | 1827.39 |" classname="| 40000 | 1827.39 |" time="0.501"/>
  <testcase name="Given User navigates to website" classname="|  | NaN |" time="0"/>
  <testcase name="When User provides loan amount as &quot;&quot;" classname="|  | NaN |" time="0"/>
  <testcase name="And Loan rate and term as rate and term respectively" classname="|  | NaN |" time="0"/>
  <testcase name="And User clicks on Calculate button" classname="|  | NaN |" time="0"/>
  <testcase name="Then System shows expected emi as &quot;NaN&quot;" classname="|  | NaN |" time="0"/>
  <testcase name="|  | NaN |" classname="|  | NaN |" time="0.514"/>
  <testcase name="Given a book exists with an isbn of 9781451648546" classname="Scenario: User calls web service to get a book by its ISBN" time="0"/>
  <testcase name="When a user retrieves the book by isbn" classname="Scenario: User calls web service to get a book by its ISBN" time="0"/>
  <testcase name="Then the status code is 200" classname="Scenario: User calls web service to get a book by its ISBN" time="0"/>
  <testcase name="And response includes the following" classname="Scenario: User calls web service to get a book by its ISBN" time="0"/>
  <testcase name="And response includes the following in any order" classname="Scenario: User calls web service to get a book by its ISBN" time="0"/>
  <testcase name="Scenario: User calls web service to get a book by its ISBN" classname="Scenario: User calls web service to get a book by its ISBN" time="0"/>
</testsuite>